2024-02-11T23:01:47+00:00 CRITICAL require_once(): Failed opening required '/sales_tracking.php' (include_path='.:/usr/share/php') in /srv/www/wordpress/wp-content/themes/organic-food-store/functions.php on line 63

2024-02-11T23:01:48+00:00 CRITICAL require_once(): Failed opening required '/sales_tracking.php' (include_path='.:/usr/share/php') in /srv/www/wordpress/wp-content/themes/organic-food-store/functions.php on line 63

2024-02-11T23:01:49+00:00 CRITICAL require_once(): Failed opening required '/sales_tracking.php' (include_path='.:/usr/share/php') in /srv/www/wordpress/wp-content/themes/organic-food-store/functions.php on line 63

2024-02-11T23:01:49+00:00 CRITICAL require_once(): Failed opening required '/sales_tracking.php' (include_path='.:/usr/share/php') in /srv/www/wordpress/wp-content/themes/organic-food-store/functions.php on line 63

2024-02-11T23:01:52+00:00 CRITICAL require_once(): Failed opening required '/sales_tracking.php' (include_path='.:/usr/share/php') in /srv/www/wordpress/wp-content/themes/organic-food-store/functions.php on line 63

2024-02-11T23:01:55+00:00 CRITICAL require_once(): Failed opening required '/sales_tracking.php' (include_path='.:/usr/share/php') in /srv/www/wordpress/wp-content/themes/organic-food-store/functions.php on line 63

2024-02-11T23:01:56+00:00 CRITICAL require_once(): Failed opening required '/sales_tracking.php' (include_path='.:/usr/share/php') in /srv/www/wordpress/wp-content/themes/organic-food-store/functions.php on line 63

2024-02-11T23:02:05+00:00 CRITICAL require_once(): Failed opening required '/sales_tracking.php' (include_path='.:/usr/share/php') in /srv/www/wordpress/wp-content/themes/organic-food-store/functions.php on line 63

2024-02-11T23:02:11+00:00 CRITICAL require_once(): Failed opening required '/sales_tracking.php' (include_path='.:/usr/share/php') in /srv/www/wordpress/wp-content/themes/organic-food-store/functions.php on line 63

2024-02-11T23:16:03+00:00 CRITICAL require_once(): Failed opening required 'vendor/autoload.php' (include_path='.:/usr/share/php') in /srv/www/wordpress/firebase_integration.php on line 4

2024-02-11T23:16:05+00:00 CRITICAL require_once(): Failed opening required 'vendor/autoload.php' (include_path='.:/usr/share/php') in /srv/www/wordpress/firebase_integration.php on line 4

2024-02-11T23:16:38+00:00 CRITICAL require_once(): Failed opening required '../firebase_integration.php' (include_path='.:/usr/share/php') in /srv/www/wordpress/wp-content/themes/organic-food-store/functions.php on line 10

2024-02-11T23:17:07+00:00 CRITICAL require_once(): Failed opening required '../../../firebase_integration.php' (include_path='.:/usr/share/php') in /srv/www/wordpress/wp-content/themes/organic-food-store/functions.php on line 10

2024-02-11T23:17:08+00:00 CRITICAL require_once(): Failed opening required '../../../firebase_integration.php' (include_path='.:/usr/share/php') in /srv/www/wordpress/wp-content/themes/organic-food-store/functions.php on line 10

2024-02-11T23:19:25+00:00 CRITICAL require_once(): Failed opening required 'vendor/autoload.php' (include_path='.:/usr/share/php') in /srv/www/wordpress/wp-content/themes/organic-food-store/firebase_integration.php on line 4

2024-02-11T23:19:26+00:00 CRITICAL require_once(): Failed opening required 'vendor/autoload.php' (include_path='.:/usr/share/php') in /srv/www/wordpress/wp-content/themes/organic-food-store/firebase_integration.php on line 4

2024-02-11T23:19:26+00:00 CRITICAL require_once(): Failed opening required 'vendor/autoload.php' (include_path='.:/usr/share/php') in /srv/www/wordpress/wp-content/themes/organic-food-store/firebase_integration.php on line 4

2024-02-11T23:19:26+00:00 CRITICAL require_once(): Failed opening required 'vendor/autoload.php' (include_path='.:/usr/share/php') in /srv/www/wordpress/wp-content/themes/organic-food-store/firebase_integration.php on line 4

2024-02-11T23:19:27+00:00 CRITICAL require_once(): Failed opening required 'vendor/autoload.php' (include_path='.:/usr/share/php') in /srv/www/wordpress/wp-content/themes/organic-food-store/firebase_integration.php on line 4

2024-02-11T23:19:27+00:00 CRITICAL require_once(): Failed opening required 'vendor/autoload.php' (include_path='.:/usr/share/php') in /srv/www/wordpress/wp-content/themes/organic-food-store/firebase_integration.php on line 4

2024-02-11T23:19:27+00:00 CRITICAL require_once(): Failed opening required 'vendor/autoload.php' (include_path='.:/usr/share/php') in /srv/www/wordpress/wp-content/themes/organic-food-store/firebase_integration.php on line 4

2024-02-11T23:19:27+00:00 CRITICAL require_once(): Failed opening required 'vendor/autoload.php' (include_path='.:/usr/share/php') in /srv/www/wordpress/wp-content/themes/organic-food-store/firebase_integration.php on line 4

2024-02-11T23:19:28+00:00 CRITICAL require_once(): Failed opening required 'vendor/autoload.php' (include_path='.:/usr/share/php') in /srv/www/wordpress/wp-content/themes/organic-food-store/firebase_integration.php on line 4

2024-02-11T23:19:28+00:00 CRITICAL require_once(): Failed opening required 'vendor/autoload.php' (include_path='.:/usr/share/php') in /srv/www/wordpress/wp-content/themes/organic-food-store/firebase_integration.php on line 4

2024-02-11T23:19:28+00:00 CRITICAL require_once(): Failed opening required 'vendor/autoload.php' (include_path='.:/usr/share/php') in /srv/www/wordpress/wp-content/themes/organic-food-store/firebase_integration.php on line 4

2024-02-11T23:20:30+00:00 CRITICAL require_once(): Failed opening required 'vendor/autoload.php' (include_path='.:/usr/share/php') in /srv/www/wordpress/wp-content/themes/organic-food-store/firebase_integration.php on line 4

2024-02-11T23:20:30+00:00 CRITICAL require_once(): Failed opening required 'vendor/autoload.php' (include_path='.:/usr/share/php') in /srv/www/wordpress/wp-content/themes/organic-food-store/firebase_integration.php on line 4

2024-02-11T23:20:31+00:00 CRITICAL require_once(): Failed opening required 'vendor/autoload.php' (include_path='.:/usr/share/php') in /srv/www/wordpress/wp-content/themes/organic-food-store/firebase_integration.php on line 4

2024-02-11T23:20:31+00:00 CRITICAL require_once(): Failed opening required 'vendor/autoload.php' (include_path='.:/usr/share/php') in /srv/www/wordpress/wp-content/themes/organic-food-store/firebase_integration.php on line 4

2024-02-11T23:20:31+00:00 CRITICAL require_once(): Failed opening required 'vendor/autoload.php' (include_path='.:/usr/share/php') in /srv/www/wordpress/wp-content/themes/organic-food-store/firebase_integration.php on line 4

2024-02-11T23:20:31+00:00 CRITICAL require_once(): Failed opening required 'vendor/autoload.php' (include_path='.:/usr/share/php') in /srv/www/wordpress/wp-content/themes/organic-food-store/firebase_integration.php on line 4

2024-02-11T23:21:44+00:00 CRITICAL require_once(): Failed opening required 'vendor/autoload.php' (include_path='.:/usr/share/php') in /srv/www/wordpress/wp-content/themes/organic-food-store/firebase_integration.php on line 5

2024-02-11T23:21:45+00:00 CRITICAL require_once(): Failed opening required 'vendor/autoload.php' (include_path='.:/usr/share/php') in /srv/www/wordpress/wp-content/themes/organic-food-store/firebase_integration.php on line 5

2024-02-11T23:22:21+00:00 CRITICAL require_once(): Failed opening required 'vendor/autoload.php' (include_path='.:/usr/share/php') in /srv/www/wordpress/wp-content/themes/organic-food-store/firebase_integration.php on line 4

2024-02-11T23:22:22+00:00 CRITICAL require_once(): Failed opening required 'vendor/autoload.php' (include_path='.:/usr/share/php') in /srv/www/wordpress/wp-content/themes/organic-food-store/firebase_integration.php on line 4

2024-02-11T23:22:23+00:00 CRITICAL require_once(): Failed opening required 'vendor/autoload.php' (include_path='.:/usr/share/php') in /srv/www/wordpress/wp-content/themes/organic-food-store/firebase_integration.php on line 4

2024-02-11T23:22:23+00:00 CRITICAL require_once(): Failed opening required 'vendor/autoload.php' (include_path='.:/usr/share/php') in /srv/www/wordpress/wp-content/themes/organic-food-store/firebase_integration.php on line 4

2024-02-11T23:22:40+00:00 CRITICAL Uncaught Error: Class 'Kreait\Firebase\ServiceAccount' not found in /srv/www/wordpress/wp-content/themes/organic-food-store/firebase_integration.php:11
Stack trace:
#0 /srv/www/wordpress/wp-content/themes/organic-food-store/functions.php(65): require()
#1 /srv/www/wordpress/wp-settings.php(611): include('/srv/www/wordpr...')
#2 /srv/www/wordpress/wp-config.php(95): require_once('/srv/www/wordpr...')
#3 /srv/www/wordpress/wp-load.php(50): require_once('/srv/www/wordpr...')
#4 /srv/www/wordpress/wp-blog-header.php(13): require_once('/srv/www/wordpr...')
#5 /srv/www/wordpress/index.php(17): require('/srv/www/wordpr...')
#6 {main}
  thrown in /srv/www/wordpress/wp-content/themes/organic-food-store/firebase_integration.php on line 11

2024-02-11T23:22:40+00:00 CRITICAL Uncaught Error: Class 'Kreait\Firebase\ServiceAccount' not found in /srv/www/wordpress/wp-content/themes/organic-food-store/firebase_integration.php:11
Stack trace:
#0 /srv/www/wordpress/wp-content/themes/organic-food-store/functions.php(65): require()
#1 /srv/www/wordpress/wp-settings.php(611): include('/srv/www/wordpr...')
#2 /srv/www/wordpress/wp-config.php(95): require_once('/srv/www/wordpr...')
#3 /srv/www/wordpress/wp-load.php(50): require_once('/srv/www/wordpr...')
#4 /srv/www/wordpress/wp-blog-header.php(13): require_once('/srv/www/wordpr...')
#5 /srv/www/wordpress/index.php(17): require('/srv/www/wordpr...')
#6 {main}
  thrown in /srv/www/wordpress/wp-content/themes/organic-food-store/firebase_integration.php on line 11

2024-02-11T23:37:05+00:00 CRITICAL Uncaught Error: Class 'Kreait\Firebase\Factory' not found in /srv/www/wordpress/wp-content/themes/organic-food-store/functions.php:67
Stack trace:
#0 /srv/www/wordpress/wp-settings.php(611): include()
#1 /srv/www/wordpress/wp-config.php(95): require_once('/srv/www/wordpr...')
#2 /srv/www/wordpress/wp-load.php(50): require_once('/srv/www/wordpr...')
#3 /srv/www/wordpress/wp-blog-header.php(13): require_once('/srv/www/wordpr...')
#4 /srv/www/wordpress/index.php(17): require('/srv/www/wordpr...')
#5 {main}
  thrown in /srv/www/wordpress/wp-content/themes/organic-food-store/functions.php on line 67

2024-02-11T23:37:07+00:00 CRITICAL Uncaught Error: Class 'Kreait\Firebase\Factory' not found in /srv/www/wordpress/wp-content/themes/organic-food-store/functions.php:67
Stack trace:
#0 /srv/www/wordpress/wp-settings.php(611): include()
#1 /srv/www/wordpress/wp-config.php(95): require_once('/srv/www/wordpr...')
#2 /srv/www/wordpress/wp-load.php(50): require_once('/srv/www/wordpr...')
#3 /srv/www/wordpress/wp-blog-header.php(13): require_once('/srv/www/wordpr...')
#4 /srv/www/wordpress/index.php(17): require('/srv/www/wordpr...')
#5 {main}
  thrown in /srv/www/wordpress/wp-content/themes/organic-food-store/functions.php on line 67

2024-02-11T23:44:40+00:00 CRITICAL Uncaught Error: Class 'Kreait\Firebase\ServiceAccount' not found in /srv/www/wordpress/index.php:23
Stack trace:
#0 {main}
  thrown in /srv/www/wordpress/index.php on line 23

2024-02-11T23:44:47+00:00 CRITICAL Uncaught Error: Class 'Kreait\Firebase\ServiceAccount' not found in /srv/www/wordpress/index.php:23
Stack trace:
#0 {main}
  thrown in /srv/www/wordpress/index.php on line 23

2024-02-11T23:45:24+00:00 CRITICAL Uncaught Error: Class 'Kreait\Firebase\ServiceAccount' not found in /srv/www/wordpress/index.php:23
Stack trace:
#0 {main}
  thrown in /srv/www/wordpress/index.php on line 23

2024-02-11T23:45:27+00:00 CRITICAL Uncaught Error: Class 'Kreait\Firebase\ServiceAccount' not found in /srv/www/wordpress/index.php:23
Stack trace:
#0 {main}
  thrown in /srv/www/wordpress/index.php on line 23

2024-02-11T23:45:27+00:00 CRITICAL Uncaught Error: Class 'Kreait\Firebase\ServiceAccount' not found in /srv/www/wordpress/index.php:23
Stack trace:
#0 {main}
  thrown in /srv/www/wordpress/index.php on line 23

2024-02-11T23:45:35+00:00 CRITICAL Uncaught Error: Class 'Kreait\Firebase\ServiceAccount' not found in /srv/www/wordpress/index.php:23
Stack trace:
#0 {main}
  thrown in /srv/www/wordpress/index.php on line 23

2024-02-11T23:47:24+00:00 CRITICAL Uncaught Error: Class 'Kreait\Firebase\ServiceAccount' not found in /srv/www/wordpress/index.php:23
Stack trace:
#0 {main}
  thrown in /srv/www/wordpress/index.php on line 23

2024-02-11T23:47:26+00:00 CRITICAL Uncaught Error: Class 'Kreait\Firebase\ServiceAccount' not found in /srv/www/wordpress/index.php:23
Stack trace:
#0 {main}
  thrown in /srv/www/wordpress/index.php on line 23

2024-02-11T23:47:28+00:00 CRITICAL Uncaught Error: Class 'Kreait\Firebase\ServiceAccount' not found in /srv/www/wordpress/index.php:23
Stack trace:
#0 {main}
  thrown in /srv/www/wordpress/index.php on line 23

2024-02-11T23:47:35+00:00 CRITICAL Uncaught Error: Class 'Kreait\Firebase\ServiceAccount' not found in /srv/www/wordpress/index.php:23
Stack trace:
#0 {main}
  thrown in /srv/www/wordpress/index.php on line 23

2024-02-11T23:47:39+00:00 CRITICAL Uncaught Error: Class 'Kreait\Firebase\ServiceAccount' not found in /srv/www/wordpress/index.php:23
Stack trace:
#0 {main}
  thrown in /srv/www/wordpress/index.php on line 23

2024-02-11T23:47:48+00:00 CRITICAL Uncaught Error: Class 'Kreait\Firebase\ServiceAccount' not found in /srv/www/wordpress/index.php:23
Stack trace:
#0 {main}
  thrown in /srv/www/wordpress/index.php on line 23

2024-02-11T23:53:35+00:00 CRITICAL Uncaught Error: Class 'Kreait\Firebase\ServiceAccount' not found in /srv/www/wordpress/index.php:23
Stack trace:
#0 {main}
  thrown in /srv/www/wordpress/index.php on line 23

2024-02-11T23:53:42+00:00 CRITICAL Uncaught Error: Class 'Kreait\Firebase\ServiceAccount' not found in /srv/www/wordpress/index.php:23
Stack trace:
#0 {main}
  thrown in /srv/www/wordpress/index.php on line 23

2024-02-11T23:53:45+00:00 CRITICAL Uncaught Error: Class 'Kreait\Firebase\ServiceAccount' not found in /srv/www/wordpress/index.php:23
Stack trace:
#0 {main}
  thrown in /srv/www/wordpress/index.php on line 23

2024-02-11T23:57:36+00:00 CRITICAL require_once(): Failed opening required 'vendor/autoload.php' (include_path='.:/usr/share/php') in /srv/www/wordpress/firebase.php on line 4

2024-02-11T23:57:42+00:00 CRITICAL require_once(): Failed opening required 'vendor/autoload.php' (include_path='.:/usr/share/php') in /srv/www/wordpress/firebase.php on line 4

2024-02-11T23:57:46+00:00 CRITICAL require_once(): Failed opening required 'vendor/autoload.php' (include_path='.:/usr/share/php') in /srv/www/wordpress/firebase.php on line 4

2024-02-11T23:58:13+00:00 CRITICAL require_once(): Failed opening required 'vendor/autoload.php' (include_path='.:/usr/share/php') in /srv/www/wordpress/firebase.php on line 4

2024-02-11T23:58:57+00:00 CRITICAL Uncaught Error: Class 'Kreait\Firebase\ServiceAccount' not found in /srv/www/wordpress/firebase.php:11
Stack trace:
#0 /srv/www/wordpress/index.php(19): require()
#1 {main}
  thrown in /srv/www/wordpress/firebase.php on line 11

2024-02-11T23:58:58+00:00 CRITICAL Uncaught Error: Class 'Kreait\Firebase\ServiceAccount' not found in /srv/www/wordpress/firebase.php:11
Stack trace:
#0 /srv/www/wordpress/index.php(19): require()
#1 {main}
  thrown in /srv/www/wordpress/firebase.php on line 11

