2024-02-13T22:56:12+00:00 INFO Array
(
    [Webhook Delivery] => Array
        (
            [Delivery ID] => e741f639cc8fa05b3b1b98ed9501137a
            [Date] => Feb 13, 2024 @ 22:56
            [URL] => https://trove-credit-31076-default-rtdb.firebaseio.com/
            [Duration] => 0.59483
            [Request] => Array
                (
                    [Method] => POST
                    [Headers] => Array
                        (
                            [User-Agent] => WooCommerce/8.5.2 Hookshot (WordPress/6.4.3)
                            [Content-Type] => application/json
                            [X-WC-Webhook-Source] => http://190.102.40.117/
                            [X-WC-Webhook-Topic] => order.created
                            [X-WC-Webhook-Resource] => order
                            [X-WC-Webhook-Event] => created
                            [X-WC-Webhook-Signature] => TfAkiQFAXj2BFwCQg3vr58VBcpSumLdGcTTI0wO9fpg=
                            [X-WC-Webhook-ID] => 1
                            [X-WC-Webhook-Delivery-ID] => e741f639cc8fa05b3b1b98ed9501137a
                        )

                )

            [Body] => {\"id\":44,\"parent_id\":0,\"status\":\"checkout-draft\",\"currency\":\"BRL\",\"version\":\"8.5.2\",\"prices_include_tax\":false,\"date_created\":\"2024-02-13T22:56:08\",\"date_modified\":\"2024-02-13T22:56:08\",\"discount_total\":\"0.00\",\"discount_tax\":\"0.00\",\"shipping_total\":\"0.00\",\"shipping_tax\":\"0.00\",\"cart_tax\":\"0.00\",\"total\":\"90.00\",\"total_tax\":\"0.00\",\"customer_id\":1,\"order_key\":\"wc_order_4JikNn76A6p0L\",\"billing\":{\"first_name\":\"thalles\",\"last_name\":\"test\",\"company\":\"\",\"address_1\":\"chapeco\",\"address_2\":\"\",\"city\":\"chapeco\",\"state\":\"PR\",\"postcode\":\"89802-420\",\"country\":\"BR\",\"email\":\"thalles.dev.96@gmail.com\",\"phone\":\"\"},\"shipping\":{\"first_name\":\"thalles\",\"last_name\":\"test\",\"company\":\"\",\"address_1\":\"chapeco\",\"address_2\":\"\",\"city\":\"chapeco\",\"state\":\"PR\",\"postcode\":\"89802-420\",\"country\":\"BR\",\"phone\":\"\"},\"payment_method\":\"\",\"payment_method_title\":\"\",\"transaction_id\":\"\",\"customer_ip_address\":\"177.16.120.106\",\"customer_user_agent\":\"Mozilla\\/5.0 (Macintosh; Intel Mac OS X 10_15_7) AppleWebKit\\/537.36 (KHTML, like Gecko) Chrome\\/121.0.0.0 Safari\\/537.36\",\"created_via\":\"store-api\",\"customer_note\":\"\",\"date_completed\":null,\"date_paid\":null,\"cart_hash\":\"ce8d6a4306f7c8e3d3a89891b23ce43c\",\"number\":\"44\",\"meta_data\":[{\"id\":336,\"key\":\"_coupons_hash\",\"value\":\"d751713988987e9331980363e24189ce\"},{\"id\":337,\"key\":\"_fees_hash\",\"value\":\"d751713988987e9331980363e24189ce\"},{\"id\":335,\"key\":\"_shipping_hash\",\"value\":\"9d4568c009d203ab10e33ea9953a0264\"},{\"id\":338,\"key\":\"_taxes_hash\",\"value\":\"d751713988987e9331980363e24189ce\"},{\"id\":339,\"key\":\"is_vat_exempt\",\"value\":\"no\"}],\"line_items\":[{\"id\":26,\"name\":\"Book1\",\"product_id\":15,\"variation_id\":0,\"quantity\":1,\"tax_class\":\"\",\"subtotal\":\"90.00\",\"subtotal_tax\":\"0.00\",\"total\":\"90.00\",\"total_tax\":\"0.00\",\"taxes\":[],\"meta_data\":[],\"sku\":\"\",\"price\":90,\"image\":{\"id\":\"\",\"src\":\"\"},\"parent_name\":null}],\"tax_lines\":[],\"shipping_lines\":[],\"fee_lines\":[],\"coupon_lines\":[],\"refunds\":[],\"payment_url\":\"http:\\/\\/190.102.40.117\\/checkout\\/order-pay\\/44\\/?pay_for_order=true&key=wc_order_4JikNn76A6p0L\",\"is_editable\":false,\"needs_payment\":true,\"needs_processing\":true,\"date_created_gmt\":\"2024-02-13T22:56:08\",\"date_modified_gmt\":\"2024-02-13T22:56:08\",\"date_completed_gmt\":null,\"date_paid_gmt\":null,\"currency_symbol\":\"R$\",\"_links\":{\"self\":[{\"href\":\"http:\\/\\/190.102.40.117\\/wp-json\\/wc\\/v3\\/orders\\/44\"}],\"collection\":[{\"href\":\"http:\\/\\/190.102.40.117\\/wp-json\\/wc\\/v3\\/orders\"}],\"customer\":[{\"href\":\"http:\\/\\/190.102.40.117\\/wp-json\\/wc\\/v3\\/customers\\/1\"}]}}
            [Response] => Array
                (
                    [Code] => 405
                    [Message] => Method Not Allowed
                    [Headers] => WpOrg\Requests\Utility\CaseInsensitiveDictionary Object
                        (
                            [data:protected] => Array
                                (
                                    [server] => nginx
                                    [date] => Tue, 13 Feb 2024 22:56:12 GMT
                                    [content-type] => text/plain
                                    [content-length] => 53
                                    [access-control-allow-origin] => *
                                    [strict-transport-security] => max-age=31556926; includeSubDomains; preload
                                )

                        )

                    [Body] => append .json to your request URI to use the REST API.
                )

        )

)

